# JRE version: OpenJDK Runtime Environment Corretto-11.0.24.8.1 (11.0.24+8) (build 11.0.24+8-LTS)
# Java VM: OpenJDK 64-Bit Server VM Corretto-11.0.24.8.1 (11.0.24+8-LTS, mixed mode, tiered, compressed oops, g1 gc, windows-amd64)
Heap:
 garbage-first heap   total 262144K, used 177508K [0x00000000e0000000, 0x0000000100000000)
  region size 1024K, 153 young (156672K), 15 survivors (15360K)
 Metaspace       used 56605K, capacity 58386K, committed 58540K, reserved 436224K
  class space    used 7476K, capacity 8171K, committed 8192K, reserved 385024K
GC Heap History (11 events):
Event: 0.346 GC heap before
{Heap before GC invocations=0 (full 0):
 garbage-first heap   total 262144K, used 27648K [0x00000000e0000000, 0x0000000100000000)
  region size 1024K, 24 young (24576K), 0 survivors (0K)
 Metaspace       used 7728K, capacity 7897K, committed 7936K, reserved 393216K
  class space    used 677K, capacity 758K, committed 768K, reserved 385024K
}
Event: 0.349 GC heap after
{Heap after GC invocations=1 (full 0):
 garbage-first heap   total 262144K, used 10036K [0x00000000e0000000, 0x0000000100000000)
  region size 1024K, 3 young (3072K), 3 survivors (3072K)
 Metaspace       used 7728K, capacity 7897K, committed 7936K, reserved 393216K
  class space    used 677K, capacity 758K, committed 768K, reserved 385024K
}
Event: 1.782 GC heap before
{Heap before GC invocations=1 (full 0):
 garbage-first heap   total 262144K, used 152372K [0x00000000e0000000, 0x0000000100000000)
  region size 1024K, 141 young (144384K), 3 survivors (3072K)
 Metaspace       used 20732K, capacity 21187K, committed 21248K, reserved 405504K
  class space    used 2370K, capacity 2529K, committed 2560K, reserved 385024K
}
Event: 1.792 GC heap after
{Heap after GC invocations=2 (full 0):
 garbage-first heap   total 262144K, used 19779K [0x00000000e0000000, 0x0000000100000000)
  region size 1024K, 12 young (12288K), 12 survivors (12288K)
 Metaspace       used 20732K, capacity 21187K, committed 21248K, reserved 405504K
  class space    used 2370K, capacity 2529K, committed 2560K, reserved 385024K
}
Event: 2.194 GC heap before
{Heap before GC invocations=3 (full 0):
 garbage-first heap   total 262144K, used 98627K [0x00000000e0000000, 0x0000000100000000)
  region size 1024K, 89 young (91136K), 12 survivors (12288K)
 Metaspace       used 26022K, capacity 26719K, committed 26752K, reserved 409600K
  class space    used 3225K, capacity 3448K, committed 3456K, reserved 385024K
}
Event: 2.200 GC heap after
{Heap after GC invocations=4 (full 0):
 garbage-first heap   total 262144K, used 21654K [0x00000000e0000000, 0x0000000100000000)
  region size 1024K, 3 young (3072K), 3 survivors (3072K)
 Metaspace       used 26022K, capacity 26719K, committed 26752K, reserved 409600K
  class space    used 3225K, capacity 3448K, committed 3456K, reserved 385024K
}
Event: 2.939 GC heap before
{Heap before GC invocations=4 (full 0):
 garbage-first heap   total 262144K, used 162966K [0x00000000e0000000, 0x0000000100000000)
  region size 1024K, 142 young (145408K), 3 survivors (3072K)
 Metaspace       used 34630K, capacity 35484K, committed 35628K, reserved 415744K
  class space    used 4580K, capacity 4931K, committed 4992K, reserved 385024K
}
Event: 2.944 GC heap after
{Heap after GC invocations=5 (full 0):
 garbage-first heap   total 262144K, used 24876K [0x00000000e0000000, 0x0000000100000000)
  region size 1024K, 6 young (6144K), 6 survivors (6144K)
 Metaspace       used 34630K, capacity 35484K, committed 35628K, reserved 415744K
  class space    used 4580K, capacity 4931K, committed 4992K, reserved 385024K
}
Event: 3.959 GC heap before
{Heap before GC invocations=6 (full 0):
 garbage-first heap   total 262144K, used 179500K [0x00000000e0000000, 0x0000000100000000)
  region size 1024K, 153 young (156672K), 6 survivors (6144K)
 Metaspace       used 47898K, capacity 49198K, committed 49452K, reserved 428032K
  class space    used 6204K, capacity 6687K, committed 6784K, reserved 385024K
}
Event: 3.966 GC heap after
{Heap after GC invocations=7 (full 0):
 garbage-first heap   total 262144K, used 34148K [0x00000000e0000000, 0x0000000100000000)
  region size 1024K, 15 young (15360K), 15 survivors (15360K)
 Metaspace       used 47898K, capacity 49198K, committed 49452K, reserved 428032K
  class space    used 6204K, capacity 6687K, committed 6784K, reserved 385024K
}
Event: 4.739 GC heap before
{Heap before GC invocations=7 (full 0):
 garbage-first heap   total 262144K, used 176484K [0x00000000e0000000, 0x0000000100000000)
  region size 1024K, 153 young (156672K), 15 survivors (15360K)
 Metaspace       used 56605K, capacity 58386K, committed 58540K, reserved 436224K
  class space    used 7476K, capacity 8171K, committed 8192K, reserved 385024K
}

