# JRE version: OpenJDK Runtime Environment Corretto-11.0.24.8.1 (11.0.24+8) (build 11.0.24+8-LTS)
# Java VM: OpenJDK 64-Bit Server VM Corretto-11.0.24.8.1 (11.0.24+8-LTS, mixed mode, tiered, compressed oops, g1 gc, windows-amd64)
Heap:
 garbage-first heap   total 262144K, used 84633K [0x00000000e0000000, 0x0000000100000000)
  region size 1024K, 51 young (52224K), 7 survivors (7168K)
 Metaspace       used 58598K, capacity 60562K, committed 60580K, reserved 438272K
  class space    used 7808K, capacity 8601K, committed 8616K, reserved 385024K
GC Heap History (13 events):
Event: 0.329 GC heap before
{Heap before GC invocations=0 (full 0):
 garbage-first heap   total 262144K, used 27648K [0x00000000e0000000, 0x0000000100000000)
  region size 1024K, 24 young (24576K), 0 survivors (0K)
 Metaspace       used 7724K, capacity 7897K, committed 7936K, reserved 393216K
  class space    used 677K, capacity 758K, committed 768K, reserved 385024K
}
Event: 0.332 GC heap after
{Heap after GC invocations=1 (full 0):
 garbage-first heap   total 262144K, used 10632K [0x00000000e0000000, 0x0000000100000000)
  region size 1024K, 3 young (3072K), 3 survivors (3072K)
 Metaspace       used 7724K, capacity 7897K, committed 7936K, reserved 393216K
  class space    used 677K, capacity 758K, committed 768K, reserved 385024K
}
Event: 1.545 GC heap before
{Heap before GC invocations=1 (full 0):
 garbage-first heap   total 262144K, used 153992K [0x00000000e0000000, 0x0000000100000000)
  region size 1024K, 142 young (145408K), 3 survivors (3072K)
 Metaspace       used 20727K, capacity 21187K, committed 21248K, reserved 405504K
  class space    used 2370K, capacity 2529K, committed 2560K, reserved 385024K
}
Event: 1.552 GC heap after
{Heap after GC invocations=2 (full 0):
 garbage-first heap   total 262144K, used 19892K [0x00000000e0000000, 0x0000000100000000)
  region size 1024K, 12 young (12288K), 12 survivors (12288K)
 Metaspace       used 20727K, capacity 21187K, committed 21248K, reserved 405504K
  class space    used 2370K, capacity 2529K, committed 2560K, reserved 385024K
}
Event: 1.921 GC heap before
{Heap before GC invocations=3 (full 0):
 garbage-first heap   total 262144K, used 101812K [0x00000000e0000000, 0x0000000100000000)
  region size 1024K, 92 young (94208K), 12 survivors (12288K)
 Metaspace       used 26243K, capacity 26888K, committed 27132K, reserved 409600K
  class space    used 3259K, capacity 3482K, committed 3584K, reserved 385024K
}
Event: 1.926 GC heap after
{Heap after GC invocations=4 (full 0):
 garbage-first heap   total 262144K, used 22191K [0x00000000e0000000, 0x0000000100000000)
  region size 1024K, 3 young (3072K), 3 survivors (3072K)
 Metaspace       used 26243K, capacity 26888K, committed 27132K, reserved 409600K
  class space    used 3259K, capacity 3482K, committed 3584K, reserved 385024K
}
Event: 2.654 GC heap before
{Heap before GC invocations=4 (full 0):
 garbage-first heap   total 262144K, used 165551K [0x00000000e0000000, 0x0000000100000000)
  region size 1024K, 144 young (147456K), 3 survivors (3072K)
 Metaspace       used 35011K, capacity 35910K, committed 35964K, reserved 417792K
  class space    used 4643K, capacity 4967K, committed 4992K, reserved 385024K
}
Event: 2.659 GC heap after
{Heap after GC invocations=5 (full 0):
 garbage-first heap   total 262144K, used 25209K [0x00000000e0000000, 0x0000000100000000)
  region size 1024K, 6 young (6144K), 6 survivors (6144K)
 Metaspace       used 35011K, capacity 35910K, committed 35964K, reserved 417792K
  class space    used 4643K, capacity 4967K, committed 4992K, reserved 385024K
}
Event: 3.632 GC heap before
{Heap before GC invocations=6 (full 0):
 garbage-first heap   total 262144K, used 179833K [0x00000000e0000000, 0x0000000100000000)
  region size 1024K, 153 young (156672K), 6 survivors (6144K)
 Metaspace       used 48282K, capacity 49581K, committed 49916K, reserved 428032K
  class space    used 6262K, capacity 6794K, committed 6912K, reserved 385024K
}
Event: 3.640 GC heap after
{Heap after GC invocations=7 (full 0):
 garbage-first heap   total 262144K, used 33830K [0x00000000e0000000, 0x0000000100000000)
  region size 1024K, 14 young (14336K), 14 survivors (14336K)
 Metaspace       used 48282K, capacity 49581K, committed 49916K, reserved 428032K
  class space    used 6262K, capacity 6794K, committed 6912K, reserved 385024K
}
Event: 4.458 GC heap before
{Heap before GC invocations=7 (full 0):
 garbage-first heap   total 262144K, used 177190K [0x00000000e0000000, 0x0000000100000000)
  region size 1024K, 153 young (156672K), 14 survivors (14336K)
 Metaspace       used 56899K, capacity 58672K, committed 58748K, reserved 436224K
  class space    used 7529K, capacity 8245K, committed 8320K, reserved 385024K
}
Event: 4.465 GC heap after
{Heap after GC invocations=8 (full 0):
 garbage-first heap   total 262144K, used 39791K [0x00000000e0000000, 0x0000000100000000)
  region size 1024K, 15 young (15360K), 15 survivors (15360K)
 Metaspace       used 56899K, capacity 58672K, committed 58748K, reserved 436224K
  class space    used 7529K, capacity 8245K, committed 8320K, reserved 385024K
}
Event: 4.673 GC heap before
{Heap before GC invocations=8 (full 0):
 garbage-first heap   total 262144K, used 83823K [0x00000000e0000000, 0x0000000100000000)
  region size 1024K, 59 young (60416K), 15 survivors (15360K)
 Metaspace       used 58598K, capacity 60562K, committed 60580K, reserved 438272K
  class space    used 7808K, capacity 8601K, committed 8616K, reserved 385024K
}

